2019-12-01 18:37:01,input: 11.70000000000011
2019-12-01 18:51:23,switched state: relay step down
2019-12-01 18:51:23,input: 7
2019-12-01 18:53:53,switched state: relay step down
2019-12-01 18:53:53,input: 23
2019-12-01 18:54:28,switched state: relay step up
2019-12-01 18:54:28,input: 18.499999999999922
2019-12-01 18:54:33,switched state: relay step down
2019-12-01 18:54:33,input: 25.39999999999992
2019-12-01 18:54:33,found peak: 25.39999999999992
2019-12-01 18:54:33,peak count: 1
2019-12-01 18:55:03,found peak: 22.699999999999854
2019-12-01 18:55:03,peak count: 2
2019-12-01 19:02:15,switched state: relay step down
2019-12-01 19:02:15,input: 63
2019-12-01 19:02:45,found peak: 59.29999999999993
2019-12-01 19:02:45,peak count: 1
2019-12-01 19:02:50,switched state: relay step up
2019-12-01 19:02:50,input: 58.49999999999992
2019-12-01 19:02:55,switched state: relay step down
2019-12-01 19:02:55,input: 65.39999999999992
2019-12-01 19:02:55,found peak: 65.39999999999992
2019-12-01 19:02:55,peak count: 2
2019-12-01 19:03:57,switched state: relay step down
2019-12-01 19:03:57,input: 63
2019-12-01 19:05:16,switched state: relay step down
2019-12-01 19:05:16,input: 7
2019-12-01 19:22:25,switched state: relay step down
2019-12-01 19:22:25,input: 7
2019-12-01 19:26:48,switched state: relay step down
2019-12-01 19:26:48,input: 71
2019-12-01 19:42:30,switched state: relay step down
2019-12-01 19:42:30,input: 7
2019-12-01 19:43:10,switched state: relay step down
2019-12-01 19:43:10,input: 7
2019-12-01 19:47:10,switched state: relay step down
2019-12-01 19:47:10,input: 7
2019-12-01 19:47:38,switched state: relay step down
2019-12-01 19:47:38,input: 7
2019-12-01 19:48:10,switched state: relay step down
2019-12-01 19:48:10,input: 7
2019-12-01 19:49:53,switched state: relay step down
2019-12-01 19:49:53,input: 7
2019-12-01 19:51:31,switched state: relay step down
2019-12-01 19:51:31,input: 7
2019-12-01 19:52:36,switched state: relay step down
2019-12-01 19:52:36,input: 7
2019-12-01 19:53:36,switched state: relay step down
2019-12-01 19:53:36,input: 7
2019-12-01 19:58:15,switched state: relay step down
2019-12-01 19:58:15,input: 7
2019-12-01 21:41:47,switched state: relay step down
2019-12-01 21:41:47,input: 71
2019-12-01 21:43:54,switched state: relay step down
2019-12-01 21:43:54,input: 7
